Change Component Designator: Old Designator=C5 New Designator=C4
Change Component Designator: Old Designator=C6 New Designator=C10
Change Component Designator: Old Designator=C9 New Designator=C5
Change Component Designator: Old Designator=C10 New Designator=C8
Change Component Designator: Old Designator=C11 New Designator=C14
Change Component Designator: Old Designator=C17 New Designator=C15
Change Component Designator: Old Designator=C18 New Designator=C16
Change Component Designator: Old Designator=C19 New Designator=C17
Change Component Designator: Old Designator=C20 New Designator=C18
Change Component Designator: Old Designator=C22 New Designator=C19
Change Component Designator: Old Designator=C23 New Designator=C20
Change Component Designator: Old Designator=C24 New Designator=C21
Change Component Designator: Old Designator=C25 New Designator=C23
Change Component Designator: Old Designator=C? New Designator=C1
Change Component Designator: Old Designator=C? New Designator=C2
Change Component Designator: Old Designator=C? New Designator=C3
Change Component Designator: Old Designator=C? New Designator=C6
Change Component Designator: Old Designator=C? New Designator=C7
Change Component Designator: Old Designator=C? New Designator=C9
Change Component Designator: Old Designator=C? New Designator=C11
Change Component Designator: Old Designator=C? New Designator=C12
Change Component Designator: Old Designator=C? New Designator=C13
Change Component Designator: Old Designator=C? New Designator=C22
Change Component Designator: Old Designator=C? New Designator=C24
Change Component Designator: Old Designator=C? New Designator=C25
Change Component Designator: Old Designator=CN? New Designator=CN1
Change Component Designator: Old Designator=D2 New Designator=D4
Change Component Designator: Old Designator=D3 New Designator=D7
Change Component Designator: Old Designator=D4 New Designator=D10
Change Component Designator: Old Designator=D5 New Designator=D13
Change Component Designator: Old Designator=D6 New Designator=D16
Change Component Designator: Old Designator=D7 New Designator=D19
Change Component Designator: Old Designator=D8 New Designator=D22
Change Component Designator: Old Designator=D9 New Designator=D2
Change Component Designator: Old Designator=D10 New Designator=D5
Change Component Designator: Old Designator=D11 New Designator=D8
Change Component Designator: Old Designator=D12 New Designator=D11
Change Component Designator: Old Designator=D13 New Designator=D14
Change Component Designator: Old Designator=D14 New Designator=D17
Change Component Designator: Old Designator=D15 New Designator=D20
Change Component Designator: Old Designator=D16 New Designator=D23
Change Component Designator: Old Designator=D17 New Designator=D3
Change Component Designator: Old Designator=D18 New Designator=D25
Change Component Designator: Old Designator=D19 New Designator=D26
Change Component Designator: Old Designator=D20 New Designator=D6
Change Component Designator: Old Designator=D21 New Designator=D27
Change Component Designator: Old Designator=D22 New Designator=D28
Change Component Designator: Old Designator=D23 New Designator=D9
Change Component Designator: Old Designator=D24 New Designator=D30
Change Component Designator: Old Designator=D25 New Designator=D31
Change Component Designator: Old Designator=D26 New Designator=D12
Change Component Designator: Old Designator=D27 New Designator=D33
Change Component Designator: Old Designator=D28 New Designator=D34
Change Component Designator: Old Designator=D29 New Designator=D15
Change Component Designator: Old Designator=D30 New Designator=D36
Change Component Designator: Old Designator=D31 New Designator=D37
Change Component Designator: Old Designator=D32 New Designator=D18
Change Component Designator: Old Designator=D33 New Designator=D39
Change Component Designator: Old Designator=D34 New Designator=D40
Change Component Designator: Old Designator=D35 New Designator=D21
Change Component Designator: Old Designator=D36 New Designator=D41
Change Component Designator: Old Designator=D37 New Designator=D42
Change Component Designator: Old Designator=D38 New Designator=D24
Change Component Designator: Old Designator=D39 New Designator=D43
Change Component Designator: Old Designator=D40 New Designator=D44
Change Component Designator: Old Designator=D41 New Designator=D29
Change Component Designator: Old Designator=D43 New Designator=D32
Change Component Designator: Old Designator=D45 New Designator=D35
Change Component Designator: Old Designator=D47 New Designator=D38
Change Component Designator: Old Designator=L? New Designator=L1
Change Component Designator: Old Designator=L? New Designator=L2
Change Component Designator: Old Designator=Q? New Designator=Q2
Change Component Designator: Old Designator=R1 New Designator=R9
Change Component Designator: Old Designator=R3 New Designator=R11
Change Component Designator: Old Designator=R8 New Designator=R2
Change Component Designator: Old Designator=R9 New Designator=R3
Change Component Designator: Old Designator=R? New Designator=R1
Change Component Designator: Old Designator=R? New Designator=R4
Change Component Designator: Old Designator=R? New Designator=R5
Change Component Designator: Old Designator=R? New Designator=R6
Change Component Designator: Old Designator=R? New Designator=R7
Change Component Designator: Old Designator=R? New Designator=R8
Change Component Designator: Old Designator=R? New Designator=R10
Change Component Designator: Old Designator=R? New Designator=R12
Change Component Designator: Old Designator=R? New Designator=R13
Change Component Designator: Old Designator=R? New Designator=R14
Change Component Designator: Old Designator=R? New Designator=R15
Change Component Designator: Old Designator=R? New Designator=R16
Change Component Designator: Old Designator=R? New Designator=R17
Change Component Designator: Old Designator=R? New Designator=R18
Change Component Designator: Old Designator=R? New Designator=R19
Change Component Designator: Old Designator=R? New Designator=R20
Change Component Designator: Old Designator=R? New Designator=R21
Change Component Designator: Old Designator=R? New Designator=R22
Change Component Designator: Old Designator=R? New Designator=R23
Change Component Designator: Old Designator=R? New Designator=R24
Change Component Designator: Old Designator=S? New Designator=S1
Change Component Designator: Old Designator=SW? New Designator=SW1
Change Component Designator: Old Designator=SW? New Designator=SW2
Change Component Designator: Old Designator=SW? New Designator=SW3
Change Component Designator: Old Designator=SW? New Designator=SW4
Change Component Designator: Old Designator=U1 New Designator=U4
Change Component Designator: Old Designator=U1 New Designator=U4
Change Component Designator: Old Designator=U2 New Designator=U1
Change Component Designator: Old Designator=U3 New Designator=U2
Change Component Designator: Old Designator=U? New Designator=U3
